build/app/intermediates/manifest_merge_blame_file/release/manifest-merger-blame-release-report.txt
1<?xml version="1.0" encoding="utf-8"?>
2<manifest xmlns:android="http://schemas.android.com/apk/res/android"
3    package="com.rarelane.merchforce.merchforce"
4    android:versionCode="1"
5    android:versionName="1.0.0" >
6
7    <uses-sdk
8        android:minSdkVersion="21"
8-->src/main/AndroidManifest.xml
9        android:targetSdkVersion="31" />
9-->src/main/AndroidManifest.xml
10
11    <meta-data
11-->src/main/AndroidManifest.xml:4:5-159
12        android:name="com.mapbox.token"
12-->src/main/AndroidManifest.xml:4:16-47
13        android:value="pk.eyJ1IjoibWFjc2FraW5pIiwiYSI6ImNsNjczZ2phYjFkdGozanA0bjVwZTV1anYifQ.G2ZZwwuZCjw9Pz9706RyaQ" />
13-->src/main/AndroidManifest.xml:4:48-156
14
15    <uses-permission android:name="android.permission.INTERNET" />
15-->src/main/AndroidManifest.xml:36:5-66
15-->src/main/AndroidManifest.xml:36:22-64
16    <uses-permission android:name="android.permission.ACCESS_FINE_LOCATION" />
16-->src/main/AndroidManifest.xml:37:5-79
16-->src/main/AndroidManifest.xml:37:22-76
17    <uses-permission android:name="android.permission.ACCESS_COARSE_LOCATION" />
17-->src/main/AndroidManifest.xml:38:5-81
17-->src/main/AndroidManifest.xml:38:22-78
18    <uses-permission android:name="android.permission.FOREGROUND_SERVICE" />
18-->[:geolocator_android] AndroidManifest.xml:9:5-77
18-->[:geolocator_android] AndroidManifest.xml:9:22-74
19    <uses-permission android:name="android.permission.ACCESS_NETWORK_STATE" />
19-->[:flutter_osm_plugin] AndroidManifest.xml:12:5-79
19-->[:flutter_osm_plugin] AndroidManifest.xml:12:22-76
20    <uses-permission android:name="android.permission.WRITE_EXTERNAL_STORAGE" />
20-->[:flutter_osm_plugin] AndroidManifest.xml:13:5-81
20-->[:flutter_osm_plugin] AndroidManifest.xml:13:22-78
21    <uses-permission android:name="android.permission.READ_EXTERNAL_STORAGE" />
22
23    <uses-feature
23-->[com.mapbox.mapboxsdk:mapbox-android-sdk:9.6.2] AndroidManifest.xml:9:5-11:35
24        android:glEsVersion="0x00020000"
24-->[com.mapbox.mapboxsdk:mapbox-android-sdk:9.6.2] AndroidManifest.xml:10:9-41
25        android:required="true" />
25-->[com.mapbox.mapboxsdk:mapbox-android-sdk:9.6.2] AndroidManifest.xml:11:9-32
26    <uses-feature
26-->[com.mapbox.mapboxsdk:mapbox-android-sdk:9.6.2] AndroidManifest.xml:12:5-14:36
27        android:name="android.hardware.wifi"
27-->[com.mapbox.mapboxsdk:mapbox-android-sdk:9.6.2] AndroidManifest.xml:13:9-45
28        android:required="false" />
28-->[com.mapbox.mapboxsdk:mapbox-android-sdk:9.6.2] AndroidManifest.xml:14:9-33
29
30    <uses-permission android:name="android.permission.ACCESS_WIFI_STATE" /> <!-- Required for CrashReporterJobIntentService on API levels below 25 -->
30-->[com.mapbox.mapboxsdk:mapbox-android-sdk:9.6.2] AndroidManifest.xml:18:5-76
30-->[com.mapbox.mapboxsdk:mapbox-android-sdk:9.6.2] AndroidManifest.xml:18:22-73
31    <uses-permission android:name="android.permission.WAKE_LOCK" />
31-->[com.mapbox.mapboxsdk:mapbox-android-telemetry-okhttp3:8.1.0] AndroidManifest.xml:12:5-68
31-->[com.mapbox.mapboxsdk:mapbox-android-telemetry-okhttp3:8.1.0] AndroidManifest.xml:12:22-65
32    <uses-permission
32-->[com.mapbox.mapboxsdk:mapbox-android-telemetry-okhttp3:8.1.0] AndroidManifest.xml:16:5-18:38
33        android:name="android.permission.GET_TASKS"
33-->[com.mapbox.mapboxsdk:mapbox-android-telemetry-okhttp3:8.1.0] AndroidManifest.xml:17:9-52
34        android:maxSdkVersion="20" />
34-->[com.mapbox.mapboxsdk:mapbox-android-telemetry-okhttp3:8.1.0] AndroidManifest.xml:18:9-35
35
36    <supports-screens
36-->[org.osmdroid:osmdroid-android:6.1.11] AndroidManifest.xml:11:5-14:40
37        android:anyDensity="true"
37-->[org.osmdroid:osmdroid-android:6.1.11] AndroidManifest.xml:12:9-34
38        android:largeScreens="true"
38-->[org.osmdroid:osmdroid-android:6.1.11] AndroidManifest.xml:13:9-36
39        android:normalScreens="true" />
39-->[org.osmdroid:osmdroid-android:6.1.11] AndroidManifest.xml:14:9-37
40
41    <uses-feature
41-->[org.osmdroid:osmdroid-android:6.1.11] AndroidManifest.xml:16:5-18:36
42        android:name="android.hardware.location.network"
42-->[org.osmdroid:osmdroid-android:6.1.11] AndroidManifest.xml:17:9-57
43        android:required="false" />
43-->[org.osmdroid:osmdroid-android:6.1.11] AndroidManifest.xml:18:9-33
44    <uses-feature
44-->[org.osmdroid:osmdroid-android:6.1.11] AndroidManifest.xml:19:5-21:36
45        android:name="android.hardware.location.gps"
45-->[org.osmdroid:osmdroid-android:6.1.11] AndroidManifest.xml:20:9-53
46        android:required="false" />
46-->[org.osmdroid:osmdroid-android:6.1.11] AndroidManifest.xml:21:9-33
47    <uses-feature
47-->[org.osmdroid:osmdroid-android:6.1.11] AndroidManifest.xml:22:5-24:36
48        android:name="android.hardware.telephony"
48-->[org.osmdroid:osmdroid-android:6.1.11] AndroidManifest.xml:23:9-50
49        android:required="false" />
49-->[org.osmdroid:osmdroid-android:6.1.11] AndroidManifest.xml:24:9-33
50
51    <application
52        android:name="android.app.Application"
52-->src/main/AndroidManifest.xml:7:9-42
53        android:appComponentFactory="androidx.core.app.CoreComponentFactory"
53-->[androidx.core:core:1.7.0] AndroidManifest.xml:24:18-86
54        android:icon="@mipmap/ic_launcher"
54-->src/main/AndroidManifest.xml:8:9-43
55        android:label="MerchForce" >
55-->src/main/AndroidManifest.xml:6:9-35
56        <activity
56-->src/main/AndroidManifest.xml:9:9-29:20
57            android:name="com.rarelane.merchforce.merchforce.MainActivity"
57-->src/main/AndroidManifest.xml:10:13-41
58            android:configChanges="orientation|keyboardHidden|keyboard|screenSize|smallestScreenSize|locale|layoutDirection|fontScale|screenLayout|density|uiMode"
58-->src/main/AndroidManifest.xml:14:13-163
59            android:exported="true"
59-->src/main/AndroidManifest.xml:11:13-36
60            android:hardwareAccelerated="true"
60-->src/main/AndroidManifest.xml:15:13-47
61            android:launchMode="singleTop"
61-->src/main/AndroidManifest.xml:12:13-43
62            android:theme="@style/LaunchTheme"
62-->src/main/AndroidManifest.xml:13:13-47
63            android:windowSoftInputMode="adjustResize" >
63-->src/main/AndroidManifest.xml:16:13-55
64
65            <!--
66                 Specifies an Android theme to apply to this Activity as soon as
67                 the Android process has started. This theme is visible to the user
68                 while the Flutter UI initializes. After that, this theme continues
69                 to determine the Window background behind the Flutter UI.
70            -->
71            <meta-data
71-->src/main/AndroidManifest.xml:21:13-24:17
72                android:name="io.flutter.embedding.android.NormalTheme"
72-->src/main/AndroidManifest.xml:22:15-70
73                android:resource="@style/NormalTheme" />
73-->src/main/AndroidManifest.xml:23:15-52
74
75            <intent-filter>
75-->src/main/AndroidManifest.xml:25:13-28:29
76                <action android:name="android.intent.action.MAIN" />
76-->src/main/AndroidManifest.xml:26:17-68
76-->src/main/AndroidManifest.xml:26:25-66
77
78                <category android:name="android.intent.category.LAUNCHER" />
78-->src/main/AndroidManifest.xml:27:17-76
78-->src/main/AndroidManifest.xml:27:27-74
79            </intent-filter>
80        </activity>
81        <!--
82             Don't delete the meta-data below.
83             This is used by the Flutter tool to generate GeneratedPluginRegistrant.java
84        -->
85        <meta-data
85-->src/main/AndroidManifest.xml:32:9-34:33
86            android:name="flutterEmbedding"
86-->src/main/AndroidManifest.xml:33:13-44
87            android:value="2" />
87-->src/main/AndroidManifest.xml:34:13-30
88
89        <service
89-->[:geolocator_android] AndroidManifest.xml:12:9-16:56
90            android:name="com.baseflow.geolocator.GeolocatorLocationService"
90-->[:geolocator_android] AndroidManifest.xml:13:13-77
91            android:enabled="true"
91-->[:geolocator_android] AndroidManifest.xml:14:13-35
92            android:exported="false"
92-->[:geolocator_android] AndroidManifest.xml:15:13-37
93            android:foregroundServiceType="location" />
93-->[:geolocator_android] AndroidManifest.xml:16:13-53
94
95        <activity
95-->[:url_launcher_android] AndroidManifest.xml:10:9-13:74
96            android:name="io.flutter.plugins.urllauncher.WebViewActivity"
96-->[:url_launcher_android] AndroidManifest.xml:11:13-74
97            android:exported="false"
97-->[:url_launcher_android] AndroidManifest.xml:12:13-37
98            android:theme="@android:style/Theme.NoTitleBar.Fullscreen" />
98-->[:url_launcher_android] AndroidManifest.xml:13:13-71
99
100        <service
100-->[:location] AndroidManifest.xml:13:9-17:56
101            android:name="com.lyokone.location.FlutterLocationService"
101-->[:location] AndroidManifest.xml:14:13-71
102            android:enabled="true"
102-->[:location] AndroidManifest.xml:15:13-35
103            android:exported="false"
103-->[:location] AndroidManifest.xml:16:13-37
104            android:foregroundServiceType="location" /> <!-- Offline download region picker activity -->
104-->[:location] AndroidManifest.xml:17:13-53
105        <activity
105-->[com.mapbox.mapboxsdk:mapbox-android-plugin-offline-v9:0.7.0] AndroidManifest.xml:12:9-14:125
106            android:name="com.mapbox.mapboxsdk.plugins.offline.ui.OfflineActivity"
106-->[com.mapbox.mapboxsdk:mapbox-android-plugin-offline-v9:0.7.0] AndroidManifest.xml:13:13-83
107            android:configChanges="keyboard|keyboardHidden|orientation|screenLayout|uiMode|screenSize|smallestScreenSize" /> <!-- Offline download service -->
107-->[com.mapbox.mapboxsdk:mapbox-android-plugin-offline-v9:0.7.0] AndroidManifest.xml:14:13-122
108        <service
108-->[com.mapbox.mapboxsdk:mapbox-android-plugin-offline-v9:0.7.0] AndroidManifest.xml:17:9-19:40
109            android:name="com.mapbox.mapboxsdk.plugins.offline.offline.OfflineDownloadService"
109-->[com.mapbox.mapboxsdk:mapbox-android-plugin-offline-v9:0.7.0] AndroidManifest.xml:18:13-95
110            android:exported="false" />
110-->[com.mapbox.mapboxsdk:mapbox-android-plugin-offline-v9:0.7.0] AndroidManifest.xml:19:13-37
111
112        <uses-library
112-->[androidx.window:window:1.0.0] AndroidManifest.xml:25:9-27:40
113            android:name="androidx.window.extensions"
113-->[androidx.window:window:1.0.0] AndroidManifest.xml:26:13-54
114            android:required="false" />
114-->[androidx.window:window:1.0.0] AndroidManifest.xml:27:13-37
115        <uses-library
115-->[androidx.window:window:1.0.0] AndroidManifest.xml:28:9-30:40
116            android:name="androidx.window.sidecar"
116-->[androidx.window:window:1.0.0] AndroidManifest.xml:29:13-51
117            android:required="false" />
117-->[androidx.window:window:1.0.0] AndroidManifest.xml:30:13-37
118
119        <activity
119-->[com.google.android.gms:play-services-base:17.0.0] AndroidManifest.xml:23:9-26:75
120            android:name="com.google.android.gms.common.api.GoogleApiActivity"
120-->[com.google.android.gms:play-services-base:17.0.0] AndroidManifest.xml:24:13-79
121            android:exported="false"
121-->[com.google.android.gms:play-services-base:17.0.0] AndroidManifest.xml:25:13-37
122            android:theme="@android:style/Theme.Translucent.NoTitleBar" />
122-->[com.google.android.gms:play-services-base:17.0.0] AndroidManifest.xml:26:13-72
123
124        <meta-data
124-->[com.google.android.gms:play-services-basement:17.0.0] AndroidManifest.xml:23:9-25:69
125            android:name="com.google.android.gms.version"
125-->[com.google.android.gms:play-services-basement:17.0.0] AndroidManifest.xml:24:13-58
126            android:value="@integer/google_play_services_version" />
126-->[com.google.android.gms:play-services-basement:17.0.0] AndroidManifest.xml:25:13-66
127
128        <provider
128-->[androidx.emoji2:emoji2:1.0.0] AndroidManifest.xml:26:9-34:20
129            android:name="androidx.startup.InitializationProvider"
129-->[androidx.emoji2:emoji2:1.0.0] AndroidManifest.xml:27:13-67
130            android:authorities="com.rarelane.merchforce.merchforce.androidx-startup"
130-->[androidx.emoji2:emoji2:1.0.0] AndroidManifest.xml:28:13-68
131            android:exported="false" >
131-->[androidx.emoji2:emoji2:1.0.0] AndroidManifest.xml:29:13-37
132            <meta-data
132-->[androidx.emoji2:emoji2:1.0.0] AndroidManifest.xml:31:13-33:52
133                android:name="androidx.emoji2.text.EmojiCompatInitializer"
133-->[androidx.emoji2:emoji2:1.0.0] AndroidManifest.xml:32:17-75
134                android:value="androidx.startup" />
134-->[androidx.emoji2:emoji2:1.0.0] AndroidManifest.xml:33:17-49
135            <meta-data
135-->[androidx.lifecycle:lifecycle-process:2.4.0] AndroidManifest.xml:31:13-33:52
136                android:name="androidx.lifecycle.ProcessLifecycleInitializer"
136-->[androidx.lifecycle:lifecycle-process:2.4.0] AndroidManifest.xml:32:17-78
137                android:value="androidx.startup" />
137-->[androidx.lifecycle:lifecycle-process:2.4.0] AndroidManifest.xml:33:17-49
138        </provider>
139        <provider
139-->[com.mapbox.mapboxsdk:mapbox-android-telemetry-okhttp3:8.1.0] AndroidManifest.xml:21:9-25:39
140            android:name="com.mapbox.android.telemetry.provider.MapboxTelemetryInitProvider"
140-->[com.mapbox.mapboxsdk:mapbox-android-telemetry-okhttp3:8.1.0] AndroidManifest.xml:22:13-93
141            android:authorities="com.rarelane.merchforce.merchforce.mapboxtelemetryinitprovider"
141-->[com.mapbox.mapboxsdk:mapbox-android-telemetry-okhttp3:8.1.0] AndroidManifest.xml:23:13-79
142            android:exported="false"
142-->[com.mapbox.mapboxsdk:mapbox-android-telemetry-okhttp3:8.1.0] AndroidManifest.xml:24:13-37
143            android:initOrder="100" />
143-->[com.mapbox.mapboxsdk:mapbox-android-telemetry-okhttp3:8.1.0] AndroidManifest.xml:25:13-36
144
145        <service
145-->[com.mapbox.mapboxsdk:mapbox-android-telemetry-okhttp3:8.1.0] AndroidManifest.xml:27:9-30:72
146            android:name="com.mapbox.android.telemetry.errors.ErrorReporterJobIntentService"
146-->[com.mapbox.mapboxsdk:mapbox-android-telemetry-okhttp3:8.1.0] AndroidManifest.xml:28:13-93
147            android:exported="false"
147-->[com.mapbox.mapboxsdk:mapbox-android-telemetry-okhttp3:8.1.0] AndroidManifest.xml:29:13-37
148            android:permission="android.permission.BIND_JOB_SERVICE" />
148-->[com.mapbox.mapboxsdk:mapbox-android-telemetry-okhttp3:8.1.0] AndroidManifest.xml:30:13-69
149        <service
149-->[com.mapbox.mapboxsdk:mapbox-android-telemetry-okhttp3:8.1.0] AndroidManifest.xml:31:9-33:40
150            android:name="com.mapbox.android.telemetry.MapboxTelemetryService"
150-->[com.mapbox.mapboxsdk:mapbox-android-telemetry-okhttp3:8.1.0] AndroidManifest.xml:32:13-79
151            android:exported="false" />
151-->[com.mapbox.mapboxsdk:mapbox-android-telemetry-okhttp3:8.1.0] AndroidManifest.xml:33:13-37
152
153        <provider
153-->[com.squareup.picasso:picasso:2.71828] AndroidManifest.xml:8:9-11:40
154            android:name="com.squareup.picasso.PicassoProvider"
154-->[com.squareup.picasso:picasso:2.71828] AndroidManifest.xml:9:13-64
155            android:authorities="com.rarelane.merchforce.merchforce.com.squareup.picasso"
155-->[com.squareup.picasso:picasso:2.71828] AndroidManifest.xml:10:13-72
156            android:exported="false" />
156-->[com.squareup.picasso:picasso:2.71828] AndroidManifest.xml:11:13-37
157    </application>
158
159</manifest>